                                 Started job on |	Dec 14 19:44:04
                             Started mapping on |	Dec 14 19:44:35
                                    Finished on |	Dec 14 20:47:57
       Mapping speed, Million of reads per hour |	26.09

                          Number of input reads |	27554176
                      Average input read length |	243
                                    UNIQUE READS:
                   Uniquely mapped reads number |	23964701
                        Uniquely mapped reads % |	86.97%
                          Average mapped length |	242.01
                       Number of splices: Total |	23658829
            Number of splices: Annotated (sjdb) |	22455711
                       Number of splices: GT/AG |	23399770
                       Number of splices: GC/AG |	207704
                       Number of splices: AT/AC |	22372
               Number of splices: Non-canonical |	28983
                      Mismatch rate per base, % |	0.24%
                         Deletion rate per base |	0.01%
                        Deletion average length |	1.48
                        Insertion rate per base |	0.01%
                       Insertion average length |	1.27
                             MULTI-MAPPING READS:
        Number of reads mapped to multiple loci |	1156563
             % of reads mapped to multiple loci |	4.20%
        Number of reads mapped to too many loci |	15993
             % of reads mapped to too many loci |	0.06%
                                  UNMAPPED READS:
       % of reads unmapped: too many mismatches |	0.00%
                 % of reads unmapped: too short |	8.72%
                     % of reads unmapped: other |	0.05%
                                  CHIMERIC READS:
                       Number of chimeric reads |	0
                            % of chimeric reads |	0.00%
