juncs_db v2.1.1 (ecf7617)
---------------------------
	Loading chr10...done
	Loading chr11...done
	Loading chr12...done
	Loading chr13...done
	Loading chr14...done
	Loading chr15...done
	Loading chr16...done
	Loading chr17...done
	Loading chr18...done
	Loading chr19...done
	Loading chr1...done
	Loading chr20...done
	Loading chr21...done
	Loading chr22...done
	Loading chr23...done
	Loading chr24...done
	Loading chr25...done
	Loading chr26...done
	Loading chr27...done
	Loading chr28...done
	Loading chr2...done
	Loading chr32...done
	Loading chr3...done
	Loading chr4...done
	Loading chr5...done
	Loading chr6...done
	Loading chr7...done
	Loading chr8...done
	Loading chr9...done
	Loading chrLGE22C19W28_E50C23...done
	Loading chrLGE64...done
	Loading chrMT...done
	Loading chrW...done
	Loading chrZ...done
	Loading chr10_random...done
	Loading chr11_random...done
	Loading chr12_random...done
	Loading chr13_random...done
	Loading chr14_random...done
	Loading chr15_random...done
	Loading chr16_random...done
	Loading chr17_random...done
	Loading chr18_random...done
	Loading chr19_random...done
	Loading chr1_random...done
	Loading chr20_random...done
	Loading chr21_random...done
	Loading chr22_random...done
	Loading chr23_random...done
	Loading chr24_random...done
	Loading chr25_random...done
	Loading chr26_random...done
	Loading chr27_random...done
	Loading chr28_random...done
	Loading chr2_random...done
	Loading chr3_random...done
	Loading chr4_random...done
	Loading chr5_random...done
	Loading chr6_random...done
	Loading chr7_random...done
	Loading chr8_random...done
	Loading chr9_random...done
	Loading chrLGE22C19W28_E50C23_random...done
	Loading chrLGE64_random...done
	Loading chrUn...done
	Loading chrW_random...done
	Loading ...done
