segment_juncs v2.1.1 (ecf7617)
---------------------------
[samopen] SAM header is present: 66 sequences.
Loading reference sequences...
	Loading chr10... done (19911089 bases).
	Loading chr11... done (19401079 bases).
	Loading chr12... done (19897011 bases).
	Loading chr13... done (17760035 bases).
	Loading chr14... done (15161805 bases).
	Loading chr15... done (12656803 bases).
	Loading chr16... done (535270 bases).
	Loading chr17... done (10454150 bases).
	Loading chr18... done (11219875 bases).
	Loading chr19... done (9983394 bases).
	Loading chr1... done (195276750 bases).
	Loading chr20... done (14302601 bases).
	Loading chr21... done (6802778 bases).
	Loading chr22... done (4081097 bases).
	Loading chr23... done (5723239 bases).
	Loading chr24... done (6323281 bases).
	Loading chr25... done (2191139 bases).
	Loading chr26... done (5329985 bases).
	Loading chr27... done (5209285 bases).
	Loading chr28... done (4742627 bases).
	Loading chr2... done (148809762 bases).
	Loading chr32... done (1028 bases).
	Loading chr3... done (110447801 bases).
	Loading chr4... done (90216835 bases).
	Loading chr5... done (59580361 bases).
	Loading chr6... done (34951654 bases).
	Loading chr7... done (36245040 bases).
	Loading chr8... done (28767244 bases).
	Loading chr9... done (23441680 bases).
	Loading chrLGE22C19W28_E50C23... done (965146 bases).
	Loading chrLGE64... done (799899 bases).
	Loading chrMT... done (16775 bases).
	Loading chrW... done (1248174 bases).
	Loading chrZ... done (82363669 bases).
	Loading chr10_random... done (95829 bases).
	Loading chr11_random... done (159734 bases).
	Loading chr12_random... done (57826 bases).
	Loading chr13_random... done (169341 bases).
	Loading chr14_random... done (156226 bases).
	Loading chr15_random... done (166836 bases).
	Loading chr16_random... done (268800 bases).
	Loading chr17_random... done (59645 bases).
	Loading chr18_random... done (223934 bases).
	Loading chr19_random... done (153523 bases).
	Loading chr1_random... done (958060 bases).
	Loading chr20_random... done (194580 bases).
	Loading chr21_random... done (12144 bases).
	Loading chr22_random... done (57506 bases).
	Loading chr23_random... done (12680 bases).
	Loading chr24_random... done (23769 bases).
	Loading chr25_random... done (122689 bases).
	Loading chr26_random... done (22559 bases).
	Loading chr27_random... done (308939 bases).
	Loading chr28_random... done (59177 bases).
	Loading chr2_random... done (617812 bases).
	Loading chr3_random... done (92910 bases).
	Loading chr4_random... done (499321 bases).
	Loading chr5_random... done (180651 bases).
	Loading chr6_random... done (77198 bases).
	Loading chr7_random... done (31620 bases).
	Loading chr8_random... done (435252 bases).
	Loading chr9_random... done (25882 bases).
	Loading chrLGE22C19W28_E50C23_random... done (609619 bases).
	Loading chrLGE64_random... done (42478 bases).
	Loading chrUn... done (36685436 bases).
	Loading chrW_random... done (1121562 bases).
>> Performing segment-search:
Loading left segment hits... done.
Loading right segment hits...done.
	found 665 potential split-segment junctions
	found 0 potential small deletions
	found 0 potential small insertions
>> Performing coverage-search:
 Map covers 1280801 bases
 Map covers 1241626 bases in sufficiently long segments
 Map contains 38968 good islands
 1928483 are left looking bases
 1925203 are right looking bases
Collecting potential splice sites in islands (GT-AG)
reporting synthetic splice junctions...
Examining donor-acceptor pairings in chr1
Examining donor-acceptor pairings in chr10
Examining donor-acceptor pairings in chr10_random
Examining donor-acceptor pairings in chr11
Examining donor-acceptor pairings in chr11_random
Examining donor-acceptor pairings in chr12
Examining donor-acceptor pairings in chr13
Examining donor-acceptor pairings in chr13_random
Examining donor-acceptor pairings in chr14
Examining donor-acceptor pairings in chr14_random
Examining donor-acceptor pairings in chr15
Examining donor-acceptor pairings in chr15_random
Examining donor-acceptor pairings in chr16
Examining donor-acceptor pairings in chr16_random
Examining donor-acceptor pairings in chr17
Examining donor-acceptor pairings in chr17_random
Examining donor-acceptor pairings in chr18
Examining donor-acceptor pairings in chr18_random
Examining donor-acceptor pairings in chr19
Examining donor-acceptor pairings in chr19_random
Examining donor-acceptor pairings in chr1_random
Examining donor-acceptor pairings in chr2
Examining donor-acceptor pairings in chr20
Examining donor-acceptor pairings in chr20_random
Examining donor-acceptor pairings in chr21
Examining donor-acceptor pairings in chr22
Examining donor-acceptor pairings in chr22_random
Examining donor-acceptor pairings in chr23
Examining donor-acceptor pairings in chr23_random
Examining donor-acceptor pairings in chr24
Examining donor-acceptor pairings in chr25
Examining donor-acceptor pairings in chr25_random
Examining donor-acceptor pairings in chr26
Examining donor-acceptor pairings in chr26_random
Examining donor-acceptor pairings in chr27
Examining donor-acceptor pairings in chr27_random
Examining donor-acceptor pairings in chr28
Examining donor-acceptor pairings in chr28_random
Examining donor-acceptor pairings in chr2_random
Examining donor-acceptor pairings in chr3
Examining donor-acceptor pairings in chr32
Examining donor-acceptor pairings in chr3_random
Examining donor-acceptor pairings in chr4
Examining donor-acceptor pairings in chr4_random
Examining donor-acceptor pairings in chr5
Examining donor-acceptor pairings in chr5_random
Examining donor-acceptor pairings in chr6
Examining donor-acceptor pairings in chr6_random
Examining donor-acceptor pairings in chr7
Examining donor-acceptor pairings in chr7_random
Examining donor-acceptor pairings in chr8
Examining donor-acceptor pairings in chr8_random
Examining donor-acceptor pairings in chr9
Examining donor-acceptor pairings in chr9_random
Examining donor-acceptor pairings in chrLGE22C19W28_E50C23
Examining donor-acceptor pairings in chrLGE22C19W28_E50C23_random
Examining donor-acceptor pairings in chrLGE64
Examining donor-acceptor pairings in chrMT
Examining donor-acceptor pairings in chrUn
Examining donor-acceptor pairings in chrW
Examining donor-acceptor pairings in chrW_random
Examining donor-acceptor pairings in chrZ
	found 5706 potential junctions
Reported 6284 total potential splices
Reporting 0 potential deletions...
Reporting 0 potential insertions...
Reporting potential fusions...
